<?xml version="1.0" encoding="UTF-8"?>
<!-- Generated by org.testng.reporters.JUnitXMLReporter -->
<testsuite hostname="DESKTOP-5JI0NAQ" ignored="0" name="Test" tests="4" failures="0" timestamp="12 Apr 2017 17:06:06 GMT" time="30.099" errors="0">
  <testcase name="f" time="23.961" classname="apple.GmailMethods"/>
  <testcase name="g" time="5.591" classname="apple.GmailMethods"/>
  <testcase name="h" time="0.109" classname="apple.GmailMethods"/>
  <testcase name="i" time="0.343" classname="apple.GmailMethods"/>
</testsuite> <!-- Test -->
